<?xml version="1.0" encoding="UTF-8"?>
<robot generator="Robot 7.1.1 (Python 3.8.5 on darwin)" generated="2024-11-02T01:22:11.876473" rpa="false" schemaversion="5">
<suite id="s1" name="Check Salt Ms Communication Syndic Logs" source="/Users/jpjanecek/Documents/workspace/saltstack/docker-compose/test/test_robot_files/check_salt_ms_communication_syndic_logs.robot">
<test id="s1-t1" name="Run Command And Check Return Code" line="12">
<kw name="Run Process" owner="Process">
<msg time="2024-11-02T01:22:11.924998" level="INFO">Starting process:
"./docker-compose.sh salt_syndic1 tail -f /var/log/salt/syndic"</msg>
<msg time="2024-11-02T01:22:11.930749" level="FAIL">FileNotFoundError: [Errno 2] No such file or directory: './docker-compose.sh salt_syndic1 tail -f /var/log/salt/syndic'</msg>
<var>${result}</var>
<arg>${COMMAND}</arg>
<arg>timeout=${TIMEOUT}</arg>
<doc>Runs a process and waits for it to complete.</doc>
<status status="FAIL" start="2024-11-02T01:22:11.924472" elapsed="0.007783">FileNotFoundError: [Errno 2] No such file or directory: './docker-compose.sh salt_syndic1 tail -f /var/log/salt/syndic'</status>
</kw>
<kw name="Should Be Equal As Numbers" owner="BuiltIn">
<arg>${result.returncode}</arg>
<arg>${EXPECTED}</arg>
<doc>Fails if objects are unequal after converting them to real numbers.</doc>
<status status="NOT RUN" start="2024-11-02T01:22:11.933395" elapsed="0.000063"/>
</kw>
<doc>Check syndic logs for more detailed error messages.</doc>
<status status="FAIL" start="2024-11-02T01:22:11.922880" elapsed="0.011156">FileNotFoundError: [Errno 2] No such file or directory: './docker-compose.sh salt_syndic1 tail -f /var/log/salt/syndic'</status>
</test>
<status status="FAIL" start="2024-11-02T01:22:11.880558" elapsed="0.054538"/>
</suite>
<statistics>
<total>
<stat pass="0" fail="1" skip="0">All Tests</stat>
</total>
<tag>
</tag>
<suite>
<stat pass="0" fail="1" skip="0" id="s1" name="Check Salt Ms Communication Syndic Logs">Check Salt Ms Communication Syndic Logs</stat>
</suite>
</statistics>
<errors>
</errors>
</robot>
